2020-11-03 17:29:19,749 - [test_centre.py-->line:46] - INFO: cases的值为：[('case_001', '审核人员信息-新增', '新增一个初审', 'post', '/stage-api/deploy/auditmanager', {'Accept': 'application/json, text/plain, */*', 'Connection': 'keep-alive', 'Content-Type': 'application/json;charset=UTF-8', 'Authorization': ''}, 'Authorization', {'name': '阿路', 'role': 0, 'phone': '17857995703'}, {'msg': '操作成功', 'code': 200}, {}, 1, 'truncate table t_auditmanager', None), ('case_002', '审核人员信息-新增', '新增一个终审', 'post', '/stage-api/deploy/auditmanager', {'Accept': 'application/json, text/plain, */*', 'Connection': 'keep-alive', 'Content-Type': 'application/json;charset=UTF-8', 'Authorization': ''}, 'Authorization', {'name': '阿知', 'role': 1, 'phone': '13000000001'}, {'msg': '操作成功', 'code': 200}, {}, 0, None, None), ('case_001', '敏感词维护-冒烟', '新增敏感词1个字符', 'post', '/stage-api/deploy/word', {'Accept': 'application/json, text/plain, */*', 'Connection': 'keep-alive', 'Content-Type': 'application/json;charset=UTF-8', 'Authorization': ''}, 'Authorization', {'sensitiveWord': '舒景平'}, {'msg': '操作成功', 'code': 200}, {}, 1, 'truncate table t_sensitive_word', None), ('case_002', '敏感词维护-新增', '新增敏感词20字节中文', 'post', '/stage-api/deploy/word', {'Accept': 'application/json, text/plain, */*', 'Connection': 'keep-alive', 'Content-Type': 'application/json;charset=UTF-8', 'Authorization': ''}, 'Authorization', {'sensitiveWord': '这个世界上能够好好用'}, {'msg': '操作成功', 'code': 200}, {}, 0, None, None), ('case_003', '敏感词维护-新增', '新增敏感词20字节英文', 'post', '/stage-api/deploy/word', {'Accept': 'application/json, text/plain, */*', 'Connection': 'keep-alive', 'Content-Type': 'application/json;charset=UTF-8', 'Authorization': ''}, 'Authorization', {'sensitiveWord': 'DDGEJjkdjeghzhHFKAHG'}, {'msg': '操作成功', 'code': 200}, {}, 0, None, None), ('case_004', '敏感词维护-新增', '新增敏感词20字节数字', 'post', '/stage-api/deploy/word', {'Accept': 'application/json, text/plain, */*', 'Connection': 'keep-alive', 'Content-Type': 'application/json;charset=UTF-8', 'Authorization': ''}, 'Authorization', {'sensitiveWord': '33333333333333333222'}, {'msg': '操作成功', 'code': 200}, {}, 0, None, None), ('case_005', '敏感词维护-新增', '已经存在的敏感词', 'post', '/stage-api/deploy/word', {'Accept': 'application/json, text/plain, */*', 'Connection': 'keep-alive', 'Content-Type': 'application/json;charset=UTF-8', 'Authorization': ''}, 'Authorization', {'sensitiveWord': '33333333333333333222'}, {'msg': '33333333333333333222 敏感词已存在', 'code': 500}, {}, 0, None, None), ('case_006', '敏感词维护-新增', '敏感词为空', 'post', '/stage-api/deploy/word', {'Accept': 'application/json, text/plain, */*', 'Connection': 'keep-alive', 'Content-Type': 'application/json;charset=UTF-8', 'Authorization': ''}, 'Authorization', {'sensitiveWord': ''}, {'msg': '敏感词不能为空', 'code': 500}, {}, 0, None, None), ('case_007', '敏感词维护-新增', '敏感词参数不填', 'post', '/stage-api/deploy/word', {'Accept': 'application/json, text/plain, */*', 'Connection': 'keep-alive', 'Content-Type': 'application/json;charset=UTF-8', 'Authorization': ''}, 'Authorization', {}, {'msg': '敏感词不能为空', 'code': 500}, {}, 0, None, None), ('case_008', '敏感词维护-修改', '修改敏感词为1个字符', 'put', '/stage-api/deploy/word', {'Accept': 'application/json, text/plain, */*', 'Connection': 'keep-alive', 'Content-Type': 'application/json;charset=UTF-8', 'Authorization': ''}, 'Authorization', {'id': 301, 'sensitiveWord': '马'}, {'msg': '操作成功', 'code': 200}, {}, 1, "select id from t_sensitive_word where sensitive_word = '这个世界上能够好好用'", 'id'), ('case_009', '敏感词维护-修改', '修改敏感词为20字节中文', 'put', '/stage-api/deploy/word', {'Accept': 'application/json, text/plain, */*', 'Connection': 'keep-alive', 'Content-Type': 'application/json;charset=UTF-8', 'Authorization': ''}, 'Authorization', {'sensitiveWord': '应急下发测试短信请及'}, {'msg': '操作成功', 'code': 200}, {'case_008': ['$.id'], 'body': 1}, 0, None, None), ('case_010', '敏感词维护-修改', '修改敏感词20字节英文', 'put', '/stage-api/deploy/word', {'Accept': 'application/json, text/plain, */*', 'Connection': 'keep-alive', 'Content-Type': 'application/json;charset=UTF-8', 'Authorization': ''}, 'Authorization', {'sensitiveWord': 'VGNVJfhbhrjehFHKVNKR'}, {'msg': '操作成功', 'code': 200}, {'case_008': ['$.id'], 'body': 1}, 0, None, None), ('case_011', '敏感词维护-修改', '修改敏感词20字节数字', 'put', '/stage-api/deploy/word', {'Accept': 'application/json, text/plain, */*', 'Connection': 'keep-alive', 'Content-Type': 'application/json;charset=UTF-8', 'Authorization': ''}, 'Authorization', {'sensitiveWord': '31333730303030303030'}, {'msg': '操作成功', 'code': 200}, {'case_008': ['$.id'], 'body': 1}, 0, None, None), ('case_012', '敏感词维护-修改', '修改敏感词为已存在的', 'put', '/stage-api/deploy/word', {'Accept': 'application/json, text/plain, */*', 'Connection': 'keep-alive', 'Content-Type': 'application/json;charset=UTF-8', 'Authorization': ''}, 'Authorization', {'sensitiveWord': '舒景平'}, {'msg': '舒景平 敏感词已存在', 'code': 500}, {'case_008': ['$.id'], 'body': 1}, 0, None, None), ('case_013', '敏感词维护-修改', '修改敏感词为空', 'put', '/stage-api/deploy/word', {'Accept': 'application/json, text/plain, */*', 'Connection': 'keep-alive', 'Content-Type': 'application/json;charset=UTF-8', 'Authorization': ''}, 'Authorization', {'sensitiveWord': ''}, {'msg': '敏感词不能为空', 'code': 500}, {'case_008': ['$.id'], 'body': 1}, 0, None, None), ('case_014', '敏感词维护-修改', '敏感词参数不填', 'put', '/stage-api/deploy/word', {'Accept': 'application/json, text/plain, */*', 'Connection': 'keep-alive', 'Content-Type': 'application/json;charset=UTF-8', 'Authorization': ''}, 'Authorization', {}, {'msg': '敏感词不能为空', 'code': 500}, {}, 0, None, None), ('case_001', '信息录入', '信息录入-冒烟', 'post', '/stage-api/message/task', {'Accept': 'application/json, text/plain, */*', 'Connection': 'keep-alive', 'Content-Type': 'application/json;charset=UTF-8', 'Authorization': ''}, 'Authorization', {'messageCode': 'XHKX_DZ_CDX', 'beginsTime': '2020-08-05T01:57:00.000Z', 'engTime': '2020-08-05T07:57:00.000Z', 'areas': '570', 'content': '冒烟测试流程5'}, {'msg': '操作成功', 'code': 200}, {}, 1, 'truncate table T_MESSAGE_TASK', None), ('case_002', '信息录入-MessageCode', 'messageCode不正确', 'post', '/stage-api/message/task', {'Accept': 'application/json, text/plain, */*', 'Connection': 'keep-alive', 'Content-Type': 'application/json;charset=UTF-8', 'Authorization': ''}, 'Authorization', {'messageCode': 'PWJFJ', 'beginsTime': '2020-07-22T06:48:00.000Z', 'engTime': '2020-07-23T06:48:00.000Z', 'areas': '577', 'content': '22222222'}, {'msg': '操作失败', 'code': 500}, {}, 0, None, None), ('case_003', '信息录入-MessageCode', 'messageCode参数值为空', 'post', '/stage-api/message/task', {'Accept': 'application/json, text/plain, */*', 'Connection': 'keep-alive', 'Content-Type': 'application/json;charset=UTF-8', 'Authorization': ''}, 'Authorization', {'messageCode': '', 'beginsTime': '2020-07-22T06:48:00.000Z', 'engTime': '2020-07-23T06:48:00.000Z', 'areas': '577', 'content': '22222222'}, {'msg': '操作失败', 'code': 500}, {}, 0, None, None), ('case_004', '信息录入-MessageCode', 'messgageCode参数不填', 'post', '/stage-api/message/task', {'Accept': 'application/json, text/plain, */*', 'Connection': 'keep-alive', 'Content-Type': 'application/json;charset=UTF-8', 'Authorization': ''}, 'Authorization', {'beginsTime': '2020-07-22T06:48:00.000Z', 'engTime': '2020-07-23T06:48:00.000Z', 'areas': '577', 'content': '22222222'}, {'msg': '操作失败', 'code': 500}, {}, 0, None, None), ('case_005', '信息录入-areas', 'areas不在570-580', 'post', '/stage-api/message/task', {'Accept': 'application/json, text/plain, */*', 'Connection': 'keep-alive', 'Content-Type': 'application/json;charset=UTF-8', 'Authorization': ''}, 'Authorization', {'messageCode': 'XHKX_DZK', 'beginsTime': '2020-07-22T06:48:00.000Z', 'engTime': '2020-07-23T06:48:00.000Z', 'areas': '581', 'content': '177777777'}, {'msg': '操作失败', 'code': 500}, {}, 0, None, None), ('case_006', '信息录入-areas', 'areas11个', 'post', '/stage-api/message/task', {'Accept': 'application/json, text/plain, */*', 'Connection': 'keep-alive', 'Content-Type': 'application/json;charset=UTF-8', 'Authorization': ''}, 'Authorization', {'messageCode': 'MSKX_DZ', 'beginsTime': '2020-07-22T06:48:00.000Z', 'engTime': '2020-07-23T06:48:00.000Z', 'areas': '570,571,572,573,574,575,576,577,578,579,580', 'content': '9999999999'}, {'msg': '操作成功', 'code': 200}, {}, 0, None, None), ('case_007', '信息录入-areas', 'areas=570', 'post', '/stage-api/message/task', {'Accept': 'application/json, text/plain, */*', 'Connection': 'keep-alive', 'Content-Type': 'application/json;charset=UTF-8', 'Authorization': ''}, 'Authorization', {'messageCode': 'MSKX_DZ', 'beginsTime': '2020-07-22T06:48:00.000Z', 'engTime': '2020-07-23T06:48:00.000Z', 'areas': '570', 'content': '蜀黍'}, {'msg': '操作成功', 'code': 200}, {}, 0, None, None), ('case_008', '信息录入-areas', 'areas=580', 'post', '/stage-api/message/task', {'Accept': 'application/json, text/plain, */*', 'Connection': 'keep-alive', 'Content-Type': 'application/json;charset=UTF-8', 'Authorization': ''}, 'Authorization', {'messageCode': 'MSKX_DZ', 'beginsTime': '2020-07-22T06:48:00.000Z', 'engTime': '2020-07-23T06:48:00.000Z', 'areas': '580', 'content': '肥羊'}, {'msg': '操作成功', 'code': 200}, {}, 0, None, None), ('case_009', '信息录入-areas', '不选地区', 'post', '/stage-api/message/task', {'Accept': 'application/json, text/plain, */*', 'Connection': 'keep-alive', 'Content-Type': 'application/json;charset=UTF-8', 'Authorization': ''}, 'Authorization', {'messageCode': 'MSKX_DZ', 'beginsTime': '2020-07-22T06:48:00.000Z', 'engTime': '2020-07-23T06:48:00.000Z', 'areas': '', 'content': '不选地区'}, {'msg': '操作失败', 'code': 500}, {}, 0, None, None), ('case_010', '信息录入-areas', 'areas参数不填', 'post', '/stage-api/message/task', {'Accept': 'application/json, text/plain, */*', 'Connection': 'keep-alive', 'Content-Type': 'application/json;charset=UTF-8', 'Authorization': ''}, 'Authorization', {'messageCode': 'MSKX_DZ', 'beginsTime': '2020-07-22T06:48:00.000Z', 'engTime': '2020-07-23T06:48:00.000Z', 'content': 'areas参数不填'}, {'msg': '操作失败', 'code': 500}, {}, 0, None, None), ('case_011', '信息录入-content', 'content1字符中文', 'post', '/stage-api/message/task', {'Accept': 'application/json, text/plain, */*', 'Connection': 'keep-alive', 'Content-Type': 'application/json;charset=UTF-8', 'Authorization': ''}, 'Authorization', {'messageCode': 'MSKX_DZ', 'beginsTime': '2020-07-22T06:48:00.000Z', 'engTime': '2020-07-23T06:48:00.000Z', 'areas': '573', 'content': '舒'}, {'msg': '操作成功', 'code': 200}, {}, 0, None, None), ('case_012', '信息录入-content', 'content1字符英文', 'post', '/stage-api/message/task', {'Accept': 'application/json, text/plain, */*', 'Connection': 'keep-alive', 'Content-Type': 'application/json;charset=UTF-8', 'Authorization': ''}, 'Authorization', {'messageCode': 'MSKX_DZ', 'beginsTime': '2020-07-22T06:48:00.000Z', 'engTime': '2020-07-23T06:48:00.000Z', 'areas': '573', 'content': 'd'}, {'msg': '操作成功', 'code': 200}, {}, 0, None, None), ('case_013', '信息录入-content', 'content1字符数字', 'post', '/stage-api/message/task', {'Accept': 'application/json, text/plain, */*', 'Connection': 'keep-alive', 'Content-Type': 'application/json;charset=UTF-8', 'Authorization': ''}, 'Authorization', {'messageCode': 'MSKX_DZ', 'beginsTime': '2020-07-22T06:48:00.000Z', 'engTime': '2020-07-23T06:48:00.000Z', 'areas': '573', 'content': '3'}, {'msg': '操作成功', 'code': 200}, {}, 0, None, None), ('case_014', '信息录入-content', 'content70字符中文', 'post', '/stage-api/message/task', {'Accept': 'application/json, text/plain, */*', 'Connection': 'keep-alive', 'Content-Type': 'application/json;charset=UTF-8', 'Authorization': ''}, 'Authorization', {'messageCode': 'MSKX_DZ', 'beginsTime': '2020-07-22T06:48:00.000Z', 'engTime': '2020-07-23T06:48:00.000Z', 'areas': '574', 'content': '新昌气象台时发布：今天夜里到明天阴有时有雨，偏北风到级，温度后天阴到多云。桐庐:今天夜里到明天阴有小雨，东北风级，明天气温桐庐气象发布到明天'}, {'msg': '操作成功', 'code': 200}, {}, 0, None, None), ('case_015', '信息录入-content', 'content70字符英文', 'post', '/stage-api/message/task', {'Accept': 'application/json, text/plain, */*', 'Connection': 'keep-alive', 'Content-Type': 'application/json;charset=UTF-8', 'Authorization': ''}, 'Authorization', {'messageCode': 'MSKX_DZ', 'beginsTime': '2020-07-22T06:48:00.000Z', 'engTime': '2020-07-23T06:48:00.000Z', 'areas': '575', 'content': 'JVGNVJfhbhrjehFHKVNKRFifeklofeppvNJCEJFJUHhfvnuehCJJECEJFJUHhfveklofep'}, {'msg': '操作成功', 'code': 200}, {}, 0, None, None), ('case_016', '信息录入-content', 'content70字符数字', 'post', '/stage-api/message/task', {'Accept': 'application/json, text/plain, */*', 'Connection': 'keep-alive', 'Content-Type': 'application/json;charset=UTF-8', 'Authorization': ''}, 'Authorization', {'messageCode': 'MSKX_DZ', 'beginsTime': '2020-07-22T06:48:00.000Z', 'engTime': '2020-07-23T06:48:00.000Z', 'areas': '576', 'content': '5555555555555557777777777777777777777772222222222222222200000006666666'}, {'msg': '操作成功', 'code': 200}, {}, 0, None, None), ('case_017', '信息录入-content', 'content70字符中英数字混合', 'post', '/stage-api/message/task', {'Accept': 'application/json, text/plain, */*', 'Connection': 'keep-alive', 'Content-Type': 'application/json;charset=UTF-8', 'Authorization': ''}, 'Authorization', {'messageCode': 'MSKX_DZ', 'beginsTime': '2020-07-22T06:48:00.000Z', 'engTime': '2020-07-23T06:48:00.000Z', 'areas': '579', 'content': '新昌气象台时发布24jj有时有雨kfkennfnfeerttccccccc温度后天阴到多云3333333333333332222222221'}, {'msg': '操作成功', 'code': 200}, {}, 0, None, None), ('case_018', '信息录入-content', 'content含有敏感词', 'post', '/stage-api/message/task', {'Accept': 'application/json, text/plain, */*', 'Connection': 'keep-alive', 'Content-Type': 'application/json;charset=UTF-8', 'Authorization': ''}, 'Authorization', {'messageCode': 'MSKX_DZ', 'beginsTime': '2020-07-22T06:48:00.000Z', 'engTime': '2020-07-23T06:48:00.000Z', 'areas': '573', 'content': '舒景平'}, {'msg': '存在敏感词:舒景平', 'code': 500}, {}, 0, None, None), ('case_019', '信息录入-content', 'content含有敏感词，中间加空格', 'post', '/stage-api/message/task', {'Accept': 'application/json, text/plain, */*', 'Connection': 'keep-alive', 'Content-Type': 'application/json;charset=UTF-8', 'Authorization': ''}, 'Authorization', {'messageCode': 'MSKX_DZ', 'beginsTime': '2020-07-22T06:48:00.000Z', 'engTime': '2020-07-23T06:48:00.000Z', 'areas': '573', 'content': '舒  景平'}, {'msg': '存在敏感词:舒景平', 'code': 500}, {}, 0, None, None), ('case_020', '信息录入-content', 'content为空', 'post', '/stage-api/message/task', {'Accept': 'application/json, text/plain, */*', 'Connection': 'keep-alive', 'Content-Type': 'application/json;charset=UTF-8', 'Authorization': ''}, 'Authorization', {'messageCode': 'MSKX_DZ', 'beginsTime': '2020-07-22T06:48:00.000Z', 'engTime': '2020-07-23T06:48:00.000Z', 'areas': '573', 'content': ''}, {'msg': '操作失败', 'code': 500}, {}, 0, None, None), ('case_021', '信息录入-content', 'content参数不填', 'post', '/stage-api/message/task', {'Accept': 'application/json, text/plain, */*', 'Connection': 'keep-alive', 'Content-Type': 'application/json;charset=UTF-8', 'Authorization': ''}, 'Authorization', {'messageCode': 'MSKX_DZ', 'beginsTime': '2020-07-22T06:48:00.000Z', 'engTime': '2020-07-23T06:48:00.000Z', 'areas': '575'}, {'msg': 'null', 'code': 500}, {}, 0, None, None), ('case_022', '信息录入-content', 'content包含特殊字符', 'post', '/stage-api/message/task', {'Accept': 'application/json, text/plain, */*', 'Connection': 'keep-alive', 'Content-Type': 'application/json;charset=UTF-8', 'Authorization': ''}, 'Authorization', {'messageCode': 'MSKX_DZ', 'beginsTime': '2020-07-22T06:48:00.000Z', 'engTime': '2020-07-23T06:48:00.000Z', 'areas': '575', 'content': '2fk~/?$~!'}, {'msg': '操作成功', 'code': 200}, {}, 0, None, None), ('case_001', '业务流程', '信息录入', 'post', '/stage-api/message/task', {'Accept': 'application/json, text/plain, */*', 'Connection': 'keep-alive', 'Content-Type': 'application/json;charset=UTF-8', 'Authorization': ''}, 'Authorization', {'messageCode': 'XHKX_DZK', 'beginsTime': '2020-08-12T01:44:00.000Z', 'engTime': '2020-08-12T10:43:00.000Z', 'areas': '573', 'content': '8月22日测试下发'}, {'msg': '操作成功', 'code': 200}, {}, 0, 'truncate table T_MESSAGE_TASK', None), ('case_002', None, '初审', 'post', '/stage-api/message/reply', {'Accept': 'application/json, text/plain, */*', 'Connection': 'keep-alive', 'Content-Type': 'application/json;charset=UTF-8', 'Authorization': ''}, 'Authorization', [{'taskId': 2243, 'name': '阿路', 'phone': '17857995703', 'role': 0, 'taskContent': '8月22日测试下发'}], {'msg': '操作成功', 'code': 200}, {}, 1, 'select id from T_MESSAGE_TASK', 'taskId'), ('case_003', None, '终审', 'post', '/stage-api/message/reply', {'Accept': 'application/json, text/plain, */*', 'Connection': 'keep-alive', 'Content-Type': 'application/json;charset=UTF-8', 'Authorization': ''}, 'Authorization', [{'taskId': 2243, 'name': '阿知', 'phone': '13000000001', 'role': 1, 'taskContent': '8月22日测试下发'}], {'msg': '操作成功', 'code': 200}, {}, 1, 'select id from T_MESSAGE_TASK', 'taskId'), ('case_004', None, '发布', 'put', '/stage-api/message/task/updateStatus', {'Accept': 'application/json, text/plain, */*', 'Connection': 'keep-alive', 'Content-Type': 'application/json;charset=UTF-8', 'Authorization': ''}, 'Authorization', {'id': 2243, 'status': 4, 'codeInfo': ['XHKX_DZK'], 'pushTasksCode': 'XHKX_DZK', 'content': '8月22日测试下发'}, {'msg': '操作成功', 'code': 200}, {}, 1, 'select id from T_MESSAGE_TASK', 'id')] 
2020-11-03 17:29:19,749 - [test_centre.py-->line:61] - INFO: 计数器次数
2020-11-03 17:29:19,849 - [test_centre.py-->line:100] - INFO: 执行用例case_001――
2020-11-03 17:29:20,268 - [dealrely.py-->line:35] - INFO: 已执行SQL：truncate table t_auditmanager
2020-11-03 17:29:20,268 - [dealrely.py-->line:45] - INFO: 用例case_001请求值为{'name': '阿路', 'role': 0, 'phone': '17857995703'}：
2020-11-03 17:29:20,510 - [test_centre.py-->line:110] - INFO: 实际响应为：{'msg': '操作成功', 'code': 200}
2020-11-03 17:29:20,521 - [test_centre.py-->line:100] - INFO: 执行用例case_002――
2020-11-03 17:29:20,521 - [dealrely.py-->line:57] - INFO: 用例case_002请求值为{'name': '阿知', 'role': 1, 'phone': '13000000001'}：
2020-11-03 17:29:20,568 - [test_centre.py-->line:110] - INFO: 实际响应为：{'msg': '操作成功', 'code': 200}
2020-11-03 17:29:20,581 - [test_centre.py-->line:100] - INFO: 执行用例case_001――
2020-11-03 17:29:20,962 - [dealrely.py-->line:35] - INFO: 已执行SQL：truncate table t_sensitive_word
2020-11-03 17:29:20,962 - [dealrely.py-->line:45] - INFO: 用例case_001请求值为{'sensitiveWord': '舒景平'}：
2020-11-03 17:29:21,251 - [test_centre.py-->line:110] - INFO: 实际响应为：{'msg': '操作成功', 'code': 200}
2020-11-03 17:29:21,261 - [test_centre.py-->line:100] - INFO: 执行用例case_002――
2020-11-03 17:29:21,261 - [dealrely.py-->line:57] - INFO: 用例case_002请求值为{'sensitiveWord': '这个世界上能够好好用'}：
2020-11-03 17:29:21,290 - [test_centre.py-->line:110] - INFO: 实际响应为：{'msg': '操作成功', 'code': 200}
2020-11-03 17:29:21,301 - [test_centre.py-->line:100] - INFO: 执行用例case_003――
2020-11-03 17:29:21,301 - [dealrely.py-->line:57] - INFO: 用例case_003请求值为{'sensitiveWord': 'DDGEJjkdjeghzhHFKAHG'}：
2020-11-03 17:29:21,326 - [test_centre.py-->line:110] - INFO: 实际响应为：{'msg': '操作成功', 'code': 200}
2020-11-03 17:29:21,338 - [test_centre.py-->line:100] - INFO: 执行用例case_004――
2020-11-03 17:29:21,338 - [dealrely.py-->line:57] - INFO: 用例case_004请求值为{'sensitiveWord': '33333333333333333222'}：
2020-11-03 17:29:21,361 - [test_centre.py-->line:110] - INFO: 实际响应为：{'msg': '操作成功', 'code': 200}
2020-11-03 17:29:21,372 - [test_centre.py-->line:100] - INFO: 执行用例case_005――
2020-11-03 17:29:21,373 - [dealrely.py-->line:57] - INFO: 用例case_005请求值为{'sensitiveWord': '33333333333333333222'}：
2020-11-03 17:29:21,384 - [test_centre.py-->line:110] - INFO: 实际响应为：{'msg': '33333333333333333222 敏感词已存在', 'code': 500}
2020-11-03 17:29:21,396 - [test_centre.py-->line:100] - INFO: 执行用例case_006――
2020-11-03 17:29:21,397 - [dealrely.py-->line:57] - INFO: 用例case_006请求值为{'sensitiveWord': ''}：
2020-11-03 17:29:21,433 - [test_centre.py-->line:110] - INFO: 实际响应为：{'msg': '敏感词不能为空', 'code': 500}
2020-11-03 17:29:21,444 - [test_centre.py-->line:100] - INFO: 执行用例case_007――
2020-11-03 17:29:21,444 - [dealrely.py-->line:57] - INFO: 用例case_007请求值为{}：
2020-11-03 17:29:21,456 - [test_centre.py-->line:110] - INFO: 实际响应为：{'msg': '敏感词不能为空', 'code': 500}
2020-11-03 17:29:21,466 - [test_centre.py-->line:100] - INFO: 执行用例case_008――
2020-11-03 17:29:21,469 - [dealrely.py-->line:45] - INFO: 用例case_008请求值为{'id': 1262, 'sensitiveWord': '马'}：
2020-11-03 17:29:21,497 - [test_centre.py-->line:110] - INFO: 实际响应为：{'msg': '操作成功', 'code': 200}
2020-11-03 17:29:21,507 - [test_centre.py-->line:100] - INFO: 执行用例case_009――
2020-11-03 17:29:21,508 - [save_su_re.py-->line:63] - INFO: body字典的值为: {'case_001': {'sensitiveWord': '舒景平'}, 'case_002': {'sensitiveWord': '这个世界上能够好好用'}, 'case_003': {'sensitiveWord': 'DDGEJjkdjeghzhHFKAHG'}, 'case_004': {'sensitiveWord': '33333333333333333222'}, 'case_005': {'sensitiveWord': '33333333333333333222'}, 'case_006': {'sensitiveWord': ''}, 'case_007': {}, 'case_008': {'id': 1262, 'sensitiveWord': '马'}}
2020-11-03 17:29:21,508 - [dealrely.py-->line:52] - INFO: 用例case_009请求值为{'sensitiveWord': '应急下发测试短信请及', 'id': 1262}：
2020-11-03 17:29:21,532 - [test_centre.py-->line:110] - INFO: 实际响应为：{'msg': '操作成功', 'code': 200}
2020-11-03 17:29:21,543 - [test_centre.py-->line:100] - INFO: 执行用例case_010――
2020-11-03 17:29:21,543 - [save_su_re.py-->line:63] - INFO: body字典的值为: {'case_001': {'sensitiveWord': '舒景平'}, 'case_002': {'sensitiveWord': '这个世界上能够好好用'}, 'case_003': {'sensitiveWord': 'DDGEJjkdjeghzhHFKAHG'}, 'case_004': {'sensitiveWord': '33333333333333333222'}, 'case_005': {'sensitiveWord': '33333333333333333222'}, 'case_006': {'sensitiveWord': ''}, 'case_007': {}, 'case_008': {'id': 1262, 'sensitiveWord': '马'}, 'case_009': {'sensitiveWord': '应急下发测试短信请及', 'id': 1262}}
2020-11-03 17:29:21,543 - [dealrely.py-->line:52] - INFO: 用例case_010请求值为{'sensitiveWord': 'VGNVJfhbhrjehFHKVNKR', 'id': 1262}：
2020-11-03 17:29:21,568 - [test_centre.py-->line:110] - INFO: 实际响应为：{'msg': '操作成功', 'code': 200}
2020-11-03 17:29:21,581 - [test_centre.py-->line:100] - INFO: 执行用例case_011――
2020-11-03 17:29:21,581 - [save_su_re.py-->line:63] - INFO: body字典的值为: {'case_001': {'sensitiveWord': '舒景平'}, 'case_002': {'sensitiveWord': '这个世界上能够好好用'}, 'case_003': {'sensitiveWord': 'DDGEJjkdjeghzhHFKAHG'}, 'case_004': {'sensitiveWord': '33333333333333333222'}, 'case_005': {'sensitiveWord': '33333333333333333222'}, 'case_006': {'sensitiveWord': ''}, 'case_007': {}, 'case_008': {'id': 1262, 'sensitiveWord': '马'}, 'case_009': {'sensitiveWord': '应急下发测试短信请及', 'id': 1262}, 'case_010': {'sensitiveWord': 'VGNVJfhbhrjehFHKVNKR', 'id': 1262}}
2020-11-03 17:29:21,581 - [dealrely.py-->line:52] - INFO: 用例case_011请求值为{'sensitiveWord': '31333730303030303030', 'id': 1262}：
2020-11-03 17:29:21,599 - [test_centre.py-->line:110] - INFO: 实际响应为：{'msg': '操作成功', 'code': 200}
2020-11-03 17:29:21,609 - [test_centre.py-->line:100] - INFO: 执行用例case_012――
2020-11-03 17:29:21,609 - [save_su_re.py-->line:63] - INFO: body字典的值为: {'case_001': {'sensitiveWord': '舒景平'}, 'case_002': {'sensitiveWord': '这个世界上能够好好用'}, 'case_003': {'sensitiveWord': 'DDGEJjkdjeghzhHFKAHG'}, 'case_004': {'sensitiveWord': '33333333333333333222'}, 'case_005': {'sensitiveWord': '33333333333333333222'}, 'case_006': {'sensitiveWord': ''}, 'case_007': {}, 'case_008': {'id': 1262, 'sensitiveWord': '马'}, 'case_009': {'sensitiveWord': '应急下发测试短信请及', 'id': 1262}, 'case_010': {'sensitiveWord': 'VGNVJfhbhrjehFHKVNKR', 'id': 1262}, 'case_011': {'sensitiveWord': '31333730303030303030', 'id': 1262}}
2020-11-03 17:29:21,609 - [dealrely.py-->line:52] - INFO: 用例case_012请求值为{'sensitiveWord': '舒景平', 'id': 1262}：
2020-11-03 17:29:21,619 - [test_centre.py-->line:110] - INFO: 实际响应为：{'msg': '舒景平 敏感词已存在', 'code': 500}
2020-11-03 17:29:21,629 - [test_centre.py-->line:100] - INFO: 执行用例case_013――
2020-11-03 17:29:21,629 - [save_su_re.py-->line:63] - INFO: body字典的值为: {'case_001': {'sensitiveWord': '舒景平'}, 'case_002': {'sensitiveWord': '这个世界上能够好好用'}, 'case_003': {'sensitiveWord': 'DDGEJjkdjeghzhHFKAHG'}, 'case_004': {'sensitiveWord': '33333333333333333222'}, 'case_005': {'sensitiveWord': '33333333333333333222'}, 'case_006': {'sensitiveWord': ''}, 'case_007': {}, 'case_008': {'id': 1262, 'sensitiveWord': '马'}, 'case_009': {'sensitiveWord': '应急下发测试短信请及', 'id': 1262}, 'case_010': {'sensitiveWord': 'VGNVJfhbhrjehFHKVNKR', 'id': 1262}, 'case_011': {'sensitiveWord': '31333730303030303030', 'id': 1262}, 'case_012': {'sensitiveWord': '舒景平', 'id': 1262}}
2020-11-03 17:29:21,630 - [dealrely.py-->line:52] - INFO: 用例case_013请求值为{'sensitiveWord': '', 'id': 1262}：
2020-11-03 17:29:21,638 - [test_centre.py-->line:110] - INFO: 实际响应为：{'msg': '敏感词不能为空', 'code': 500}
2020-11-03 17:29:21,649 - [test_centre.py-->line:100] - INFO: 执行用例case_014――
2020-11-03 17:29:21,649 - [dealrely.py-->line:57] - INFO: 用例case_014请求值为{}：
2020-11-03 17:29:21,659 - [test_centre.py-->line:110] - INFO: 实际响应为：{'msg': '敏感词不能为空', 'code': 500}
2020-11-03 17:29:21,670 - [test_centre.py-->line:100] - INFO: 执行用例case_001――
2020-11-03 17:29:21,905 - [dealrely.py-->line:35] - INFO: 已执行SQL：truncate table T_MESSAGE_TASK
2020-11-03 17:29:21,906 - [dealrely.py-->line:45] - INFO: 用例case_001请求值为{'messageCode': 'XHKX_DZ_CDX', 'beginsTime': '2020-08-05T01:57:00.000Z', 'engTime': '2020-08-05T07:57:00.000Z', 'areas': '570', 'content': '冒烟测试流程5'}：
2020-11-03 17:29:21,958 - [test_centre.py-->line:110] - INFO: 实际响应为：{'msg': '操作成功', 'code': 200}
2020-11-03 17:29:21,969 - [test_centre.py-->line:100] - INFO: 执行用例case_002――
2020-11-03 17:29:21,969 - [dealrely.py-->line:57] - INFO: 用例case_002请求值为{'messageCode': 'PWJFJ', 'beginsTime': '2020-07-22T06:48:00.000Z', 'engTime': '2020-07-23T06:48:00.000Z', 'areas': '577', 'content': '22222222'}：
2020-11-03 17:29:21,994 - [test_centre.py-->line:110] - INFO: 实际响应为：{'msg': '操作成功', 'code': 200}
2020-11-03 17:29:22,065 - [test_centre.py-->line:100] - INFO: 执行用例case_003――
2020-11-03 17:29:22,065 - [dealrely.py-->line:57] - INFO: 用例case_003请求值为{'messageCode': '', 'beginsTime': '2020-07-22T06:48:00.000Z', 'engTime': '2020-07-23T06:48:00.000Z', 'areas': '577', 'content': '22222222'}：
2020-11-03 17:29:22,091 - [test_centre.py-->line:110] - INFO: 实际响应为：{'msg': '操作成功', 'code': 200}
2020-11-03 17:29:22,108 - [test_centre.py-->line:100] - INFO: 执行用例case_004――
2020-11-03 17:29:22,109 - [dealrely.py-->line:57] - INFO: 用例case_004请求值为{'beginsTime': '2020-07-22T06:48:00.000Z', 'engTime': '2020-07-23T06:48:00.000Z', 'areas': '577', 'content': '22222222'}：
2020-11-03 17:29:22,131 - [test_centre.py-->line:110] - INFO: 实际响应为：{'msg': '操作成功', 'code': 200}
2020-11-03 17:29:22,147 - [test_centre.py-->line:100] - INFO: 执行用例case_005――
2020-11-03 17:29:22,148 - [dealrely.py-->line:57] - INFO: 用例case_005请求值为{'messageCode': 'XHKX_DZK', 'beginsTime': '2020-07-22T06:48:00.000Z', 'engTime': '2020-07-23T06:48:00.000Z', 'areas': '581', 'content': '177777777'}：
2020-11-03 17:29:22,174 - [test_centre.py-->line:110] - INFO: 实际响应为：{'msg': '操作成功', 'code': 200}
2020-11-03 17:29:22,190 - [test_centre.py-->line:100] - INFO: 执行用例case_006――
2020-11-03 17:29:22,190 - [dealrely.py-->line:57] - INFO: 用例case_006请求值为{'messageCode': 'MSKX_DZ', 'beginsTime': '2020-07-22T06:48:00.000Z', 'engTime': '2020-07-23T06:48:00.000Z', 'areas': '570,571,572,573,574,575,576,577,578,579,580', 'content': '9999999999'}：
2020-11-03 17:29:22,216 - [test_centre.py-->line:110] - INFO: 实际响应为：{'msg': '操作成功', 'code': 200}
2020-11-03 17:29:22,228 - [test_centre.py-->line:100] - INFO: 执行用例case_007――
2020-11-03 17:29:22,228 - [dealrely.py-->line:57] - INFO: 用例case_007请求值为{'messageCode': 'MSKX_DZ', 'beginsTime': '2020-07-22T06:48:00.000Z', 'engTime': '2020-07-23T06:48:00.000Z', 'areas': '570', 'content': '蜀黍'}：
2020-11-03 17:29:22,251 - [test_centre.py-->line:110] - INFO: 实际响应为：{'msg': '操作成功', 'code': 200}
2020-11-03 17:29:22,281 - [test_centre.py-->line:100] - INFO: 执行用例case_008――
2020-11-03 17:29:22,281 - [dealrely.py-->line:57] - INFO: 用例case_008请求值为{'messageCode': 'MSKX_DZ', 'beginsTime': '2020-07-22T06:48:00.000Z', 'engTime': '2020-07-23T06:48:00.000Z', 'areas': '580', 'content': '肥羊'}：
2020-11-03 17:29:22,305 - [test_centre.py-->line:110] - INFO: 实际响应为：{'msg': '操作成功', 'code': 200}
2020-11-03 17:29:22,317 - [test_centre.py-->line:100] - INFO: 执行用例case_009――
2020-11-03 17:29:22,318 - [dealrely.py-->line:57] - INFO: 用例case_009请求值为{'messageCode': 'MSKX_DZ', 'beginsTime': '2020-07-22T06:48:00.000Z', 'engTime': '2020-07-23T06:48:00.000Z', 'areas': '', 'content': '不选地区'}：
2020-11-03 17:29:22,341 - [test_centre.py-->line:110] - INFO: 实际响应为：{'msg': '操作成功', 'code': 200}
2020-11-03 17:29:22,358 - [test_centre.py-->line:100] - INFO: 执行用例case_010――
2020-11-03 17:29:22,358 - [dealrely.py-->line:57] - INFO: 用例case_010请求值为{'messageCode': 'MSKX_DZ', 'beginsTime': '2020-07-22T06:48:00.000Z', 'engTime': '2020-07-23T06:48:00.000Z', 'content': 'areas参数不填'}：
2020-11-03 17:29:22,408 - [test_centre.py-->line:110] - INFO: 实际响应为：{'msg': '操作成功', 'code': 200}
2020-11-03 17:29:22,424 - [test_centre.py-->line:100] - INFO: 执行用例case_011――
2020-11-03 17:29:22,424 - [dealrely.py-->line:57] - INFO: 用例case_011请求值为{'messageCode': 'MSKX_DZ', 'beginsTime': '2020-07-22T06:48:00.000Z', 'engTime': '2020-07-23T06:48:00.000Z', 'areas': '573', 'content': '舒'}：
2020-11-03 17:29:22,449 - [test_centre.py-->line:110] - INFO: 实际响应为：{'msg': '操作成功', 'code': 200}
2020-11-03 17:29:22,461 - [test_centre.py-->line:100] - INFO: 执行用例case_012――
2020-11-03 17:29:22,461 - [dealrely.py-->line:57] - INFO: 用例case_012请求值为{'messageCode': 'MSKX_DZ', 'beginsTime': '2020-07-22T06:48:00.000Z', 'engTime': '2020-07-23T06:48:00.000Z', 'areas': '573', 'content': 'd'}：
2020-11-03 17:29:22,502 - [test_centre.py-->line:110] - INFO: 实际响应为：{'msg': '操作成功', 'code': 200}
2020-11-03 17:29:22,513 - [test_centre.py-->line:100] - INFO: 执行用例case_013――
2020-11-03 17:29:22,514 - [dealrely.py-->line:57] - INFO: 用例case_013请求值为{'messageCode': 'MSKX_DZ', 'beginsTime': '2020-07-22T06:48:00.000Z', 'engTime': '2020-07-23T06:48:00.000Z', 'areas': '573', 'content': '3'}：
2020-11-03 17:29:22,532 - [test_centre.py-->line:110] - INFO: 实际响应为：{'msg': '操作成功', 'code': 200}
2020-11-03 17:29:22,544 - [test_centre.py-->line:100] - INFO: 执行用例case_014――
2020-11-03 17:29:22,544 - [dealrely.py-->line:57] - INFO: 用例case_014请求值为{'messageCode': 'MSKX_DZ', 'beginsTime': '2020-07-22T06:48:00.000Z', 'engTime': '2020-07-23T06:48:00.000Z', 'areas': '574', 'content': '新昌气象台时发布：今天夜里到明天阴有时有雨，偏北风到级，温度后天阴到多云。桐庐:今天夜里到明天阴有小雨，东北风级，明天气温桐庐气象发布到明天'}：
2020-11-03 17:29:22,562 - [test_centre.py-->line:110] - INFO: 实际响应为：{'msg': '操作成功', 'code': 200}
2020-11-03 17:29:22,578 - [test_centre.py-->line:100] - INFO: 执行用例case_015――
2020-11-03 17:29:22,578 - [dealrely.py-->line:57] - INFO: 用例case_015请求值为{'messageCode': 'MSKX_DZ', 'beginsTime': '2020-07-22T06:48:00.000Z', 'engTime': '2020-07-23T06:48:00.000Z', 'areas': '575', 'content': 'JVGNVJfhbhrjehFHKVNKRFifeklofeppvNJCEJFJUHhfvnuehCJJECEJFJUHhfveklofep'}：
2020-11-03 17:29:22,599 - [test_centre.py-->line:110] - INFO: 实际响应为：{'msg': '操作成功', 'code': 200}
2020-11-03 17:29:22,610 - [test_centre.py-->line:100] - INFO: 执行用例case_016――
2020-11-03 17:29:22,610 - [dealrely.py-->line:57] - INFO: 用例case_016请求值为{'messageCode': 'MSKX_DZ', 'beginsTime': '2020-07-22T06:48:00.000Z', 'engTime': '2020-07-23T06:48:00.000Z', 'areas': '576', 'content': '5555555555555557777777777777777777777772222222222222222200000006666666'}：
2020-11-03 17:29:22,653 - [test_centre.py-->line:110] - INFO: 实际响应为：{'msg': '操作成功', 'code': 200}
2020-11-03 17:29:22,663 - [test_centre.py-->line:100] - INFO: 执行用例case_017――
2020-11-03 17:29:22,664 - [dealrely.py-->line:57] - INFO: 用例case_017请求值为{'messageCode': 'MSKX_DZ', 'beginsTime': '2020-07-22T06:48:00.000Z', 'engTime': '2020-07-23T06:48:00.000Z', 'areas': '579', 'content': '新昌气象台时发布24jj有时有雨kfkennfnfeerttccccccc温度后天阴到多云3333333333333332222222221'}：
2020-11-03 17:29:22,681 - [test_centre.py-->line:110] - INFO: 实际响应为：{'msg': '操作成功', 'code': 200}
2020-11-03 17:29:22,693 - [test_centre.py-->line:100] - INFO: 执行用例case_018――
2020-11-03 17:29:22,693 - [dealrely.py-->line:57] - INFO: 用例case_018请求值为{'messageCode': 'MSKX_DZ', 'beginsTime': '2020-07-22T06:48:00.000Z', 'engTime': '2020-07-23T06:48:00.000Z', 'areas': '573', 'content': '舒景平'}：
2020-11-03 17:29:22,704 - [test_centre.py-->line:110] - INFO: 实际响应为：{'msg': '存在敏感词:舒景平', 'code': 500}
2020-11-03 17:29:22,718 - [test_centre.py-->line:100] - INFO: 执行用例case_019――
2020-11-03 17:29:22,718 - [dealrely.py-->line:57] - INFO: 用例case_019请求值为{'messageCode': 'MSKX_DZ', 'beginsTime': '2020-07-22T06:48:00.000Z', 'engTime': '2020-07-23T06:48:00.000Z', 'areas': '573', 'content': '舒  景平'}：
2020-11-03 17:29:22,730 - [test_centre.py-->line:110] - INFO: 实际响应为：{'msg': '存在敏感词:舒景平', 'code': 500}
2020-11-03 17:29:22,741 - [test_centre.py-->line:100] - INFO: 执行用例case_020――
2020-11-03 17:29:22,741 - [dealrely.py-->line:57] - INFO: 用例case_020请求值为{'messageCode': 'MSKX_DZ', 'beginsTime': '2020-07-22T06:48:00.000Z', 'engTime': '2020-07-23T06:48:00.000Z', 'areas': '573', 'content': ''}：
2020-11-03 17:29:22,764 - [test_centre.py-->line:110] - INFO: 实际响应为：{'msg': '操作成功', 'code': 200}
2020-11-03 17:29:22,783 - [test_centre.py-->line:100] - INFO: 执行用例case_021――
2020-11-03 17:29:22,784 - [dealrely.py-->line:57] - INFO: 用例case_021请求值为{'messageCode': 'MSKX_DZ', 'beginsTime': '2020-07-22T06:48:00.000Z', 'engTime': '2020-07-23T06:48:00.000Z', 'areas': '575'}：
2020-11-03 17:29:22,801 - [test_centre.py-->line:110] - INFO: 实际响应为：{'msg': None, 'code': 500}
2020-11-03 17:29:22,819 - [test_centre.py-->line:100] - INFO: 执行用例case_022――
2020-11-03 17:29:22,819 - [dealrely.py-->line:57] - INFO: 用例case_022请求值为{'messageCode': 'MSKX_DZ', 'beginsTime': '2020-07-22T06:48:00.000Z', 'engTime': '2020-07-23T06:48:00.000Z', 'areas': '575', 'content': '2fk~/?$~!'}：
2020-11-03 17:29:22,836 - [test_centre.py-->line:110] - INFO: 实际响应为：{'msg': '操作成功', 'code': 200}
2020-11-03 17:29:22,849 - [test_centre.py-->line:100] - INFO: 执行用例case_001――
2020-11-03 17:29:22,849 - [dealrely.py-->line:57] - INFO: 用例case_001请求值为{'messageCode': 'XHKX_DZK', 'beginsTime': '2020-08-12T01:44:00.000Z', 'engTime': '2020-08-12T10:43:00.000Z', 'areas': '573', 'content': '8月22日测试下发'}：
2020-11-03 17:29:22,867 - [test_centre.py-->line:110] - INFO: 实际响应为：{'msg': '操作成功', 'code': 200}
2020-11-03 17:29:22,879 - [test_centre.py-->line:100] - INFO: 执行用例case_002――
2020-11-03 17:29:22,883 - [dealrely.py-->line:45] - INFO: 用例case_002请求值为[{'taskId': 4581, 'name': '阿路', 'phone': '17857995703', 'role': 0, 'taskContent': '8月22日测试下发'}]：
2020-11-03 17:29:23,125 - [test_centre.py-->line:110] - INFO: 实际响应为：{'msg': '操作成功', 'code': 200}
2020-11-03 17:29:23,137 - [test_centre.py-->line:100] - INFO: 执行用例case_003――
2020-11-03 17:29:23,138 - [dealrely.py-->line:45] - INFO: 用例case_003请求值为[{'taskId': 4581, 'name': '阿知', 'phone': '13000000001', 'role': 1, 'taskContent': '8月22日测试下发'}]：
2020-11-03 17:29:23,197 - [test_centre.py-->line:110] - INFO: 实际响应为：{'msg': '操作成功', 'code': 200}
2020-11-03 17:29:23,209 - [test_centre.py-->line:100] - INFO: 执行用例case_004――
2020-11-03 17:29:23,210 - [dealrely.py-->line:45] - INFO: 用例case_004请求值为{'id': 4581, 'status': 4, 'codeInfo': ['XHKX_DZK'], 'pushTasksCode': 'XHKX_DZK', 'content': '8月22日测试下发'}：
2020-11-03 17:29:23,245 - [test_centre.py-->line:110] - INFO: 实际响应为：{'msg': '操作成功', 'code': 200}
2020-11-03 17:29:28,219 - [test_centre.py-->line:67] - INFO: 测试报告已生成！
2020-11-03 17:29:28,236 - [test_centre.py-->line:100] - INFO: 执行用例case_001――
2020-11-03 17:29:28,489 - [dealrely.py-->line:35] - INFO: 已执行SQL：truncate table t_auditmanager
2020-11-03 17:29:28,489 - [dealrely.py-->line:45] - INFO: 用例case_001请求值为{'name': '阿路', 'role': 0, 'phone': '17857995703'}：
2020-11-03 17:29:28,679 - [test_centre.py-->line:110] - INFO: 实际响应为：{'msg': '操作成功', 'code': 200}
2020-11-03 17:29:28,682 - [test_centre.py-->line:100] - INFO: 执行用例case_002――
2020-11-03 17:29:28,683 - [dealrely.py-->line:57] - INFO: 用例case_002请求值为{'name': '阿知', 'role': 1, 'phone': '13000000001'}：
2020-11-03 17:29:28,703 - [test_centre.py-->line:110] - INFO: 实际响应为：{'msg': '操作成功', 'code': 200}
2020-11-03 17:29:28,706 - [test_centre.py-->line:100] - INFO: 执行用例case_001――
2020-11-03 17:29:28,884 - [dealrely.py-->line:35] - INFO: 已执行SQL：truncate table t_sensitive_word
2020-11-03 17:29:28,884 - [dealrely.py-->line:45] - INFO: 用例case_001请求值为{'sensitiveWord': '舒景平'}：
2020-11-03 17:29:28,919 - [test_centre.py-->line:110] - INFO: 实际响应为：{'msg': '操作成功', 'code': 200}
2020-11-03 17:29:28,921 - [test_centre.py-->line:100] - INFO: 执行用例case_002――
2020-11-03 17:29:28,922 - [dealrely.py-->line:57] - INFO: 用例case_002请求值为{'sensitiveWord': '这个世界上能够好好用'}：
2020-11-03 17:29:28,946 - [test_centre.py-->line:110] - INFO: 实际响应为：{'msg': '操作成功', 'code': 200}
2020-11-03 17:29:28,949 - [test_centre.py-->line:100] - INFO: 执行用例case_003――
2020-11-03 17:29:28,949 - [dealrely.py-->line:57] - INFO: 用例case_003请求值为{'sensitiveWord': 'DDGEJjkdjeghzhHFKAHG'}：
2020-11-03 17:29:28,979 - [test_centre.py-->line:110] - INFO: 实际响应为：{'msg': '操作成功', 'code': 200}
2020-11-03 17:29:28,982 - [test_centre.py-->line:100] - INFO: 执行用例case_004――
2020-11-03 17:29:28,983 - [dealrely.py-->line:57] - INFO: 用例case_004请求值为{'sensitiveWord': '33333333333333333222'}：
2020-11-03 17:29:29,014 - [test_centre.py-->line:110] - INFO: 实际响应为：{'msg': '操作成功', 'code': 200}
2020-11-03 17:29:29,017 - [test_centre.py-->line:100] - INFO: 执行用例case_005――
2020-11-03 17:29:29,017 - [dealrely.py-->line:57] - INFO: 用例case_005请求值为{'sensitiveWord': '33333333333333333222'}：
2020-11-03 17:29:29,029 - [test_centre.py-->line:110] - INFO: 实际响应为：{'msg': '33333333333333333222 敏感词已存在', 'code': 500}
2020-11-03 17:29:29,033 - [test_centre.py-->line:100] - INFO: 执行用例case_006――
2020-11-03 17:29:29,033 - [dealrely.py-->line:57] - INFO: 用例case_006请求值为{'sensitiveWord': ''}：
2020-11-03 17:29:29,045 - [test_centre.py-->line:110] - INFO: 实际响应为：{'msg': '敏感词不能为空', 'code': 500}
2020-11-03 17:29:29,047 - [test_centre.py-->line:100] - INFO: 执行用例case_007――
2020-11-03 17:29:29,048 - [dealrely.py-->line:57] - INFO: 用例case_007请求值为{}：
2020-11-03 17:29:29,058 - [test_centre.py-->line:110] - INFO: 实际响应为：{'msg': '敏感词不能为空', 'code': 500}
2020-11-03 17:29:29,061 - [test_centre.py-->line:100] - INFO: 执行用例case_008――
2020-11-03 17:29:29,063 - [dealrely.py-->line:45] - INFO: 用例case_008请求值为{'id': 1266, 'sensitiveWord': '马'}：
2020-11-03 17:29:29,095 - [test_centre.py-->line:110] - INFO: 实际响应为：{'msg': '操作成功', 'code': 200}
2020-11-03 17:29:29,097 - [test_centre.py-->line:100] - INFO: 执行用例case_009――
2020-11-03 17:29:29,098 - [save_su_re.py-->line:63] - INFO: body字典的值为: {'case_001': {'sensitiveWord': '舒景平'}, 'case_002': {'sensitiveWord': '这个世界上能够好好用'}, 'case_003': {'sensitiveWord': 'DDGEJjkdjeghzhHFKAHG'}, 'case_004': {'sensitiveWord': '33333333333333333222'}, 'case_005': {'sensitiveWord': '33333333333333333222'}, 'case_006': {'sensitiveWord': ''}, 'case_007': {}, 'case_008': {'id': 1266, 'sensitiveWord': '马'}, 'case_009': {'messageCode': 'MSKX_DZ', 'beginsTime': '2020-07-22T06:48:00.000Z', 'engTime': '2020-07-23T06:48:00.000Z', 'areas': '', 'content': '不选地区'}, 'case_010': {'messageCode': 'MSKX_DZ', 'beginsTime': '2020-07-22T06:48:00.000Z', 'engTime': '2020-07-23T06:48:00.000Z', 'content': 'areas参数不填'}, 'case_011': {'messageCode': 'MSKX_DZ', 'beginsTime': '2020-07-22T06:48:00.000Z', 'engTime': '2020-07-23T06:48:00.000Z', 'areas': '573', 'content': '舒'}, 'case_012': {'messageCode': 'MSKX_DZ', 'beginsTime': '2020-07-22T06:48:00.000Z', 'engTime': '2020-07-23T06:48:00.000Z', 'areas': '573', 'content': 'd'}, 'case_013': {'messageCode': 'MSKX_DZ', 'beginsTime': '2020-07-22T06:48:00.000Z', 'engTime': '2020-07-23T06:48:00.000Z', 'areas': '573', 'content': '3'}, 'case_014': {'messageCode': 'MSKX_DZ', 'beginsTime': '2020-07-22T06:48:00.000Z', 'engTime': '2020-07-23T06:48:00.000Z', 'areas': '574', 'content': '新昌气象台时发布：今天夜里到明天阴有时有雨，偏北风到级，温度后天阴到多云。桐庐:今天夜里到明天阴有小雨，东北风级，明天气温桐庐气象发布到明天'}, 'case_015': {'messageCode': 'MSKX_DZ', 'beginsTime': '2020-07-22T06:48:00.000Z', 'engTime': '2020-07-23T06:48:00.000Z', 'areas': '575', 'content': 'JVGNVJfhbhrjehFHKVNKRFifeklofeppvNJCEJFJUHhfvnuehCJJECEJFJUHhfveklofep'}, 'case_016': {'messageCode': 'MSKX_DZ', 'beginsTime': '2020-07-22T06:48:00.000Z', 'engTime': '2020-07-23T06:48:00.000Z', 'areas': '576', 'content': '5555555555555557777777777777777777777772222222222222222200000006666666'}, 'case_017': {'messageCode': 'MSKX_DZ', 'beginsTime': '2020-07-22T06:48:00.000Z', 'engTime': '2020-07-23T06:48:00.000Z', 'areas': '579', 'content': '新昌气象台时发布24jj有时有雨kfkennfnfeerttccccccc温度后天阴到多云3333333333333332222222221'}, 'case_018': {'messageCode': 'MSKX_DZ', 'beginsTime': '2020-07-22T06:48:00.000Z', 'engTime': '2020-07-23T06:48:00.000Z', 'areas': '573', 'content': '舒景平'}, 'case_019': {'messageCode': 'MSKX_DZ', 'beginsTime': '2020-07-22T06:48:00.000Z', 'engTime': '2020-07-23T06:48:00.000Z', 'areas': '573', 'content': '舒  景平'}, 'case_020': {'messageCode': 'MSKX_DZ', 'beginsTime': '2020-07-22T06:48:00.000Z', 'engTime': '2020-07-23T06:48:00.000Z', 'areas': '573', 'content': ''}, 'case_021': {'messageCode': 'MSKX_DZ', 'beginsTime': '2020-07-22T06:48:00.000Z', 'engTime': '2020-07-23T06:48:00.000Z', 'areas': '575'}, 'case_022': {'messageCode': 'MSKX_DZ', 'beginsTime': '2020-07-22T06:48:00.000Z', 'engTime': '2020-07-23T06:48:00.000Z', 'areas': '575', 'content': '2fk~/?$~!'}}
2020-11-03 17:29:29,098 - [dealrely.py-->line:52] - INFO: 用例case_009请求值为{'sensitiveWord': '应急下发测试短信请及', 'id': 1266}：
2020-11-03 17:29:29,130 - [test_centre.py-->line:110] - INFO: 实际响应为：{'msg': '操作成功', 'code': 200}
2020-11-03 17:29:29,133 - [test_centre.py-->line:100] - INFO: 执行用例case_010――
2020-11-03 17:29:29,134 - [save_su_re.py-->line:63] - INFO: body字典的值为: {'case_001': {'sensitiveWord': '舒景平'}, 'case_002': {'sensitiveWord': '这个世界上能够好好用'}, 'case_003': {'sensitiveWord': 'DDGEJjkdjeghzhHFKAHG'}, 'case_004': {'sensitiveWord': '33333333333333333222'}, 'case_005': {'sensitiveWord': '33333333333333333222'}, 'case_006': {'sensitiveWord': ''}, 'case_007': {}, 'case_008': {'id': 1266, 'sensitiveWord': '马'}, 'case_009': {'sensitiveWord': '应急下发测试短信请及', 'id': 1266}, 'case_010': {'messageCode': 'MSKX_DZ', 'beginsTime': '2020-07-22T06:48:00.000Z', 'engTime': '2020-07-23T06:48:00.000Z', 'content': 'areas参数不填'}, 'case_011': {'messageCode': 'MSKX_DZ', 'beginsTime': '2020-07-22T06:48:00.000Z', 'engTime': '2020-07-23T06:48:00.000Z', 'areas': '573', 'content': '舒'}, 'case_012': {'messageCode': 'MSKX_DZ', 'beginsTime': '2020-07-22T06:48:00.000Z', 'engTime': '2020-07-23T06:48:00.000Z', 'areas': '573', 'content': 'd'}, 'case_013': {'messageCode': 'MSKX_DZ', 'beginsTime': '2020-07-22T06:48:00.000Z', 'engTime': '2020-07-23T06:48:00.000Z', 'areas': '573', 'content': '3'}, 'case_014': {'messageCode': 'MSKX_DZ', 'beginsTime': '2020-07-22T06:48:00.000Z', 'engTime': '2020-07-23T06:48:00.000Z', 'areas': '574', 'content': '新昌气象台时发布：今天夜里到明天阴有时有雨，偏北风到级，温度后天阴到多云。桐庐:今天夜里到明天阴有小雨，东北风级，明天气温桐庐气象发布到明天'}, 'case_015': {'messageCode': 'MSKX_DZ', 'beginsTime': '2020-07-22T06:48:00.000Z', 'engTime': '2020-07-23T06:48:00.000Z', 'areas': '575', 'content': 'JVGNVJfhbhrjehFHKVNKRFifeklofeppvNJCEJFJUHhfvnuehCJJECEJFJUHhfveklofep'}, 'case_016': {'messageCode': 'MSKX_DZ', 'beginsTime': '2020-07-22T06:48:00.000Z', 'engTime': '2020-07-23T06:48:00.000Z', 'areas': '576', 'content': '5555555555555557777777777777777777777772222222222222222200000006666666'}, 'case_017': {'messageCode': 'MSKX_DZ', 'beginsTime': '2020-07-22T06:48:00.000Z', 'engTime': '2020-07-23T06:48:00.000Z', 'areas': '579', 'content': '新昌气象台时发布24jj有时有雨kfkennfnfeerttccccccc温度后天阴到多云3333333333333332222222221'}, 'case_018': {'messageCode': 'MSKX_DZ', 'beginsTime': '2020-07-22T06:48:00.000Z', 'engTime': '2020-07-23T06:48:00.000Z', 'areas': '573', 'content': '舒景平'}, 'case_019': {'messageCode': 'MSKX_DZ', 'beginsTime': '2020-07-22T06:48:00.000Z', 'engTime': '2020-07-23T06:48:00.000Z', 'areas': '573', 'content': '舒  景平'}, 'case_020': {'messageCode': 'MSKX_DZ', 'beginsTime': '2020-07-22T06:48:00.000Z', 'engTime': '2020-07-23T06:48:00.000Z', 'areas': '573', 'content': ''}, 'case_021': {'messageCode': 'MSKX_DZ', 'beginsTime': '2020-07-22T06:48:00.000Z', 'engTime': '2020-07-23T06:48:00.000Z', 'areas': '575'}, 'case_022': {'messageCode': 'MSKX_DZ', 'beginsTime': '2020-07-22T06:48:00.000Z', 'engTime': '2020-07-23T06:48:00.000Z', 'areas': '575', 'content': '2fk~/?$~!'}}
2020-11-03 17:29:29,134 - [dealrely.py-->line:52] - INFO: 用例case_010请求值为{'sensitiveWord': 'VGNVJfhbhrjehFHKVNKR', 'id': 1266}：
2020-11-03 17:29:29,166 - [test_centre.py-->line:110] - INFO: 实际响应为：{'msg': '操作成功', 'code': 200}
2020-11-03 17:29:29,169 - [test_centre.py-->line:100] - INFO: 执行用例case_011――
2020-11-03 17:29:29,169 - [save_su_re.py-->line:63] - INFO: body字典的值为: {'case_001': {'sensitiveWord': '舒景平'}, 'case_002': {'sensitiveWord': '这个世界上能够好好用'}, 'case_003': {'sensitiveWord': 'DDGEJjkdjeghzhHFKAHG'}, 'case_004': {'sensitiveWord': '33333333333333333222'}, 'case_005': {'sensitiveWord': '33333333333333333222'}, 'case_006': {'sensitiveWord': ''}, 'case_007': {}, 'case_008': {'id': 1266, 'sensitiveWord': '马'}, 'case_009': {'sensitiveWord': '应急下发测试短信请及', 'id': 1266}, 'case_010': {'sensitiveWord': 'VGNVJfhbhrjehFHKVNKR', 'id': 1266}, 'case_011': {'messageCode': 'MSKX_DZ', 'beginsTime': '2020-07-22T06:48:00.000Z', 'engTime': '2020-07-23T06:48:00.000Z', 'areas': '573', 'content': '舒'}, 'case_012': {'messageCode': 'MSKX_DZ', 'beginsTime': '2020-07-22T06:48:00.000Z', 'engTime': '2020-07-23T06:48:00.000Z', 'areas': '573', 'content': 'd'}, 'case_013': {'messageCode': 'MSKX_DZ', 'beginsTime': '2020-07-22T06:48:00.000Z', 'engTime': '2020-07-23T06:48:00.000Z', 'areas': '573', 'content': '3'}, 'case_014': {'messageCode': 'MSKX_DZ', 'beginsTime': '2020-07-22T06:48:00.000Z', 'engTime': '2020-07-23T06:48:00.000Z', 'areas': '574', 'content': '新昌气象台时发布：今天夜里到明天阴有时有雨，偏北风到级，温度后天阴到多云。桐庐:今天夜里到明天阴有小雨，东北风级，明天气温桐庐气象发布到明天'}, 'case_015': {'messageCode': 'MSKX_DZ', 'beginsTime': '2020-07-22T06:48:00.000Z', 'engTime': '2020-07-23T06:48:00.000Z', 'areas': '575', 'content': 'JVGNVJfhbhrjehFHKVNKRFifeklofeppvNJCEJFJUHhfvnuehCJJECEJFJUHhfveklofep'}, 'case_016': {'messageCode': 'MSKX_DZ', 'beginsTime': '2020-07-22T06:48:00.000Z', 'engTime': '2020-07-23T06:48:00.000Z', 'areas': '576', 'content': '5555555555555557777777777777777777777772222222222222222200000006666666'}, 'case_017': {'messageCode': 'MSKX_DZ', 'beginsTime': '2020-07-22T06:48:00.000Z', 'engTime': '2020-07-23T06:48:00.000Z', 'areas': '579', 'content': '新昌气象台时发布24jj有时有雨kfkennfnfeerttccccccc温度后天阴到多云3333333333333332222222221'}, 'case_018': {'messageCode': 'MSKX_DZ', 'beginsTime': '2020-07-22T06:48:00.000Z', 'engTime': '2020-07-23T06:48:00.000Z', 'areas': '573', 'content': '舒景平'}, 'case_019': {'messageCode': 'MSKX_DZ', 'beginsTime': '2020-07-22T06:48:00.000Z', 'engTime': '2020-07-23T06:48:00.000Z', 'areas': '573', 'content': '舒  景平'}, 'case_020': {'messageCode': 'MSKX_DZ', 'beginsTime': '2020-07-22T06:48:00.000Z', 'engTime': '2020-07-23T06:48:00.000Z', 'areas': '573', 'content': ''}, 'case_021': {'messageCode': 'MSKX_DZ', 'beginsTime': '2020-07-22T06:48:00.000Z', 'engTime': '2020-07-23T06:48:00.000Z', 'areas': '575'}, 'case_022': {'messageCode': 'MSKX_DZ', 'beginsTime': '2020-07-22T06:48:00.000Z', 'engTime': '2020-07-23T06:48:00.000Z', 'areas': '575', 'content': '2fk~/?$~!'}}
2020-11-03 17:29:29,169 - [dealrely.py-->line:52] - INFO: 用例case_011请求值为{'sensitiveWord': '31333730303030303030', 'id': 1266}：
2020-11-03 17:29:29,202 - [test_centre.py-->line:110] - INFO: 实际响应为：{'msg': '操作成功', 'code': 200}
2020-11-03 17:29:29,206 - [test_centre.py-->line:100] - INFO: 执行用例case_012――
2020-11-03 17:29:29,206 - [save_su_re.py-->line:63] - INFO: body字典的值为: {'case_001': {'sensitiveWord': '舒景平'}, 'case_002': {'sensitiveWord': '这个世界上能够好好用'}, 'case_003': {'sensitiveWord': 'DDGEJjkdjeghzhHFKAHG'}, 'case_004': {'sensitiveWord': '33333333333333333222'}, 'case_005': {'sensitiveWord': '33333333333333333222'}, 'case_006': {'sensitiveWord': ''}, 'case_007': {}, 'case_008': {'id': 1266, 'sensitiveWord': '马'}, 'case_009': {'sensitiveWord': '应急下发测试短信请及', 'id': 1266}, 'case_010': {'sensitiveWord': 'VGNVJfhbhrjehFHKVNKR', 'id': 1266}, 'case_011': {'sensitiveWord': '31333730303030303030', 'id': 1266}, 'case_012': {'messageCode': 'MSKX_DZ', 'beginsTime': '2020-07-22T06:48:00.000Z', 'engTime': '2020-07-23T06:48:00.000Z', 'areas': '573', 'content': 'd'}, 'case_013': {'messageCode': 'MSKX_DZ', 'beginsTime': '2020-07-22T06:48:00.000Z', 'engTime': '2020-07-23T06:48:00.000Z', 'areas': '573', 'content': '3'}, 'case_014': {'messageCode': 'MSKX_DZ', 'beginsTime': '2020-07-22T06:48:00.000Z', 'engTime': '2020-07-23T06:48:00.000Z', 'areas': '574', 'content': '新昌气象台时发布：今天夜里到明天阴有时有雨，偏北风到级，温度后天阴到多云。桐庐:今天夜里到明天阴有小雨，东北风级，明天气温桐庐气象发布到明天'}, 'case_015': {'messageCode': 'MSKX_DZ', 'beginsTime': '2020-07-22T06:48:00.000Z', 'engTime': '2020-07-23T06:48:00.000Z', 'areas': '575', 'content': 'JVGNVJfhbhrjehFHKVNKRFifeklofeppvNJCEJFJUHhfvnuehCJJECEJFJUHhfveklofep'}, 'case_016': {'messageCode': 'MSKX_DZ', 'beginsTime': '2020-07-22T06:48:00.000Z', 'engTime': '2020-07-23T06:48:00.000Z', 'areas': '576', 'content': '5555555555555557777777777777777777777772222222222222222200000006666666'}, 'case_017': {'messageCode': 'MSKX_DZ', 'beginsTime': '2020-07-22T06:48:00.000Z', 'engTime': '2020-07-23T06:48:00.000Z', 'areas': '579', 'content': '新昌气象台时发布24jj有时有雨kfkennfnfeerttccccccc温度后天阴到多云3333333333333332222222221'}, 'case_018': {'messageCode': 'MSKX_DZ', 'beginsTime': '2020-07-22T06:48:00.000Z', 'engTime': '2020-07-23T06:48:00.000Z', 'areas': '573', 'content': '舒景平'}, 'case_019': {'messageCode': 'MSKX_DZ', 'beginsTime': '2020-07-22T06:48:00.000Z', 'engTime': '2020-07-23T06:48:00.000Z', 'areas': '573', 'content': '舒  景平'}, 'case_020': {'messageCode': 'MSKX_DZ', 'beginsTime': '2020-07-22T06:48:00.000Z', 'engTime': '2020-07-23T06:48:00.000Z', 'areas': '573', 'content': ''}, 'case_021': {'messageCode': 'MSKX_DZ', 'beginsTime': '2020-07-22T06:48:00.000Z', 'engTime': '2020-07-23T06:48:00.000Z', 'areas': '575'}, 'case_022': {'messageCode': 'MSKX_DZ', 'beginsTime': '2020-07-22T06:48:00.000Z', 'engTime': '2020-07-23T06:48:00.000Z', 'areas': '575', 'content': '2fk~/?$~!'}}
2020-11-03 17:29:29,206 - [dealrely.py-->line:52] - INFO: 用例case_012请求值为{'sensitiveWord': '舒景平', 'id': 1266}：
2020-11-03 17:29:29,216 - [test_centre.py-->line:110] - INFO: 实际响应为：{'msg': '舒景平 敏感词已存在', 'code': 500}
2020-11-03 17:29:29,219 - [test_centre.py-->line:100] - INFO: 执行用例case_013――
2020-11-03 17:29:29,219 - [save_su_re.py-->line:63] - INFO: body字典的值为: {'case_001': {'sensitiveWord': '舒景平'}, 'case_002': {'sensitiveWord': '这个世界上能够好好用'}, 'case_003': {'sensitiveWord': 'DDGEJjkdjeghzhHFKAHG'}, 'case_004': {'sensitiveWord': '33333333333333333222'}, 'case_005': {'sensitiveWord': '33333333333333333222'}, 'case_006': {'sensitiveWord': ''}, 'case_007': {}, 'case_008': {'id': 1266, 'sensitiveWord': '马'}, 'case_009': {'sensitiveWord': '应急下发测试短信请及', 'id': 1266}, 'case_010': {'sensitiveWord': 'VGNVJfhbhrjehFHKVNKR', 'id': 1266}, 'case_011': {'sensitiveWord': '31333730303030303030', 'id': 1266}, 'case_012': {'sensitiveWord': '舒景平', 'id': 1266}, 'case_013': {'messageCode': 'MSKX_DZ', 'beginsTime': '2020-07-22T06:48:00.000Z', 'engTime': '2020-07-23T06:48:00.000Z', 'areas': '573', 'content': '3'}, 'case_014': {'messageCode': 'MSKX_DZ', 'beginsTime': '2020-07-22T06:48:00.000Z', 'engTime': '2020-07-23T06:48:00.000Z', 'areas': '574', 'content': '新昌气象台时发布：今天夜里到明天阴有时有雨，偏北风到级，温度后天阴到多云。桐庐:今天夜里到明天阴有小雨，东北风级，明天气温桐庐气象发布到明天'}, 'case_015': {'messageCode': 'MSKX_DZ', 'beginsTime': '2020-07-22T06:48:00.000Z', 'engTime': '2020-07-23T06:48:00.000Z', 'areas': '575', 'content': 'JVGNVJfhbhrjehFHKVNKRFifeklofeppvNJCEJFJUHhfvnuehCJJECEJFJUHhfveklofep'}, 'case_016': {'messageCode': 'MSKX_DZ', 'beginsTime': '2020-07-22T06:48:00.000Z', 'engTime': '2020-07-23T06:48:00.000Z', 'areas': '576', 'content': '5555555555555557777777777777777777777772222222222222222200000006666666'}, 'case_017': {'messageCode': 'MSKX_DZ', 'beginsTime': '2020-07-22T06:48:00.000Z', 'engTime': '2020-07-23T06:48:00.000Z', 'areas': '579', 'content': '新昌气象台时发布24jj有时有雨kfkennfnfeerttccccccc温度后天阴到多云3333333333333332222222221'}, 'case_018': {'messageCode': 'MSKX_DZ', 'beginsTime': '2020-07-22T06:48:00.000Z', 'engTime': '2020-07-23T06:48:00.000Z', 'areas': '573', 'content': '舒景平'}, 'case_019': {'messageCode': 'MSKX_DZ', 'beginsTime': '2020-07-22T06:48:00.000Z', 'engTime': '2020-07-23T06:48:00.000Z', 'areas': '573', 'content': '舒  景平'}, 'case_020': {'messageCode': 'MSKX_DZ', 'beginsTime': '2020-07-22T06:48:00.000Z', 'engTime': '2020-07-23T06:48:00.000Z', 'areas': '573', 'content': ''}, 'case_021': {'messageCode': 'MSKX_DZ', 'beginsTime': '2020-07-22T06:48:00.000Z', 'engTime': '2020-07-23T06:48:00.000Z', 'areas': '575'}, 'case_022': {'messageCode': 'MSKX_DZ', 'beginsTime': '2020-07-22T06:48:00.000Z', 'engTime': '2020-07-23T06:48:00.000Z', 'areas': '575', 'content': '2fk~/?$~!'}}
2020-11-03 17:29:29,219 - [dealrely.py-->line:52] - INFO: 用例case_013请求值为{'sensitiveWord': '', 'id': 1266}：
2020-11-03 17:29:29,228 - [test_centre.py-->line:110] - INFO: 实际响应为：{'msg': '敏感词不能为空', 'code': 500}
2020-11-03 17:29:29,231 - [test_centre.py-->line:100] - INFO: 执行用例case_014――
2020-11-03 17:29:29,231 - [dealrely.py-->line:57] - INFO: 用例case_014请求值为{}：
2020-11-03 17:29:29,241 - [test_centre.py-->line:110] - INFO: 实际响应为：{'msg': '敏感词不能为空', 'code': 500}
2020-11-03 17:29:29,245 - [test_centre.py-->line:100] - INFO: 执行用例case_001――
2020-11-03 17:29:29,485 - [dealrely.py-->line:35] - INFO: 已执行SQL：truncate table T_MESSAGE_TASK
2020-11-03 17:29:29,485 - [dealrely.py-->line:45] - INFO: 用例case_001请求值为{'messageCode': 'XHKX_DZ_CDX', 'beginsTime': '2020-08-05T01:57:00.000Z', 'engTime': '2020-08-05T07:57:00.000Z', 'areas': '570', 'content': '冒烟测试流程5'}：
2020-11-03 17:29:29,538 - [test_centre.py-->line:110] - INFO: 实际响应为：{'msg': '操作成功', 'code': 200}
2020-11-03 17:29:29,541 - [test_centre.py-->line:100] - INFO: 执行用例case_002――
2020-11-03 17:29:29,542 - [dealrely.py-->line:57] - INFO: 用例case_002请求值为{'messageCode': 'PWJFJ', 'beginsTime': '2020-07-22T06:48:00.000Z', 'engTime': '2020-07-23T06:48:00.000Z', 'areas': '577', 'content': '22222222'}：
2020-11-03 17:29:29,598 - [test_centre.py-->line:110] - INFO: 实际响应为：{'msg': '操作成功', 'code': 200}
2020-11-03 17:29:29,606 - [test_centre.py-->line:100] - INFO: 执行用例case_003――
2020-11-03 17:29:29,607 - [dealrely.py-->line:57] - INFO: 用例case_003请求值为{'messageCode': '', 'beginsTime': '2020-07-22T06:48:00.000Z', 'engTime': '2020-07-23T06:48:00.000Z', 'areas': '577', 'content': '22222222'}：
2020-11-03 17:29:29,639 - [test_centre.py-->line:110] - INFO: 实际响应为：{'msg': '操作成功', 'code': 200}
2020-11-03 17:29:29,646 - [test_centre.py-->line:100] - INFO: 执行用例case_004――
2020-11-03 17:29:29,646 - [dealrely.py-->line:57] - INFO: 用例case_004请求值为{'beginsTime': '2020-07-22T06:48:00.000Z', 'engTime': '2020-07-23T06:48:00.000Z', 'areas': '577', 'content': '22222222'}：
2020-11-03 17:29:29,674 - [test_centre.py-->line:110] - INFO: 实际响应为：{'msg': '操作成功', 'code': 200}
2020-11-03 17:29:29,681 - [test_centre.py-->line:100] - INFO: 执行用例case_005――
2020-11-03 17:29:29,681 - [dealrely.py-->line:57] - INFO: 用例case_005请求值为{'messageCode': 'XHKX_DZK', 'beginsTime': '2020-07-22T06:48:00.000Z', 'engTime': '2020-07-23T06:48:00.000Z', 'areas': '581', 'content': '177777777'}：
2020-11-03 17:29:29,711 - [test_centre.py-->line:110] - INFO: 实际响应为：{'msg': '操作成功', 'code': 200}
2020-11-03 17:29:29,718 - [test_centre.py-->line:100] - INFO: 执行用例case_006――
2020-11-03 17:29:29,719 - [dealrely.py-->line:57] - INFO: 用例case_006请求值为{'messageCode': 'MSKX_DZ', 'beginsTime': '2020-07-22T06:48:00.000Z', 'engTime': '2020-07-23T06:48:00.000Z', 'areas': '570,571,572,573,574,575,576,577,578,579,580', 'content': '9999999999'}：
2020-11-03 17:29:29,747 - [test_centre.py-->line:110] - INFO: 实际响应为：{'msg': '操作成功', 'code': 200}
2020-11-03 17:29:29,750 - [test_centre.py-->line:100] - INFO: 执行用例case_007――
2020-11-03 17:29:29,750 - [dealrely.py-->line:57] - INFO: 用例case_007请求值为{'messageCode': 'MSKX_DZ', 'beginsTime': '2020-07-22T06:48:00.000Z', 'engTime': '2020-07-23T06:48:00.000Z', 'areas': '570', 'content': '蜀黍'}：
2020-11-03 17:29:29,782 - [test_centre.py-->line:110] - INFO: 实际响应为：{'msg': '操作成功', 'code': 200}
2020-11-03 17:29:29,785 - [test_centre.py-->line:100] - INFO: 执行用例case_008――
2020-11-03 17:29:29,785 - [dealrely.py-->line:57] - INFO: 用例case_008请求值为{'messageCode': 'MSKX_DZ', 'beginsTime': '2020-07-22T06:48:00.000Z', 'engTime': '2020-07-23T06:48:00.000Z', 'areas': '580', 'content': '肥羊'}：
2020-11-03 17:29:29,818 - [test_centre.py-->line:110] - INFO: 实际响应为：{'msg': '操作成功', 'code': 200}
2020-11-03 17:29:29,821 - [test_centre.py-->line:100] - INFO: 执行用例case_009――
2020-11-03 17:29:29,822 - [dealrely.py-->line:57] - INFO: 用例case_009请求值为{'messageCode': 'MSKX_DZ', 'beginsTime': '2020-07-22T06:48:00.000Z', 'engTime': '2020-07-23T06:48:00.000Z', 'areas': '', 'content': '不选地区'}：
2020-11-03 17:29:29,854 - [test_centre.py-->line:110] - INFO: 实际响应为：{'msg': '操作成功', 'code': 200}
2020-11-03 17:29:29,861 - [test_centre.py-->line:100] - INFO: 执行用例case_010――
2020-11-03 17:29:29,862 - [dealrely.py-->line:57] - INFO: 用例case_010请求值为{'messageCode': 'MSKX_DZ', 'beginsTime': '2020-07-22T06:48:00.000Z', 'engTime': '2020-07-23T06:48:00.000Z', 'content': 'areas参数不填'}：
2020-11-03 17:29:29,890 - [test_centre.py-->line:110] - INFO: 实际响应为：{'msg': '操作成功', 'code': 200}
2020-11-03 17:29:29,900 - [test_centre.py-->line:100] - INFO: 执行用例case_011――
2020-11-03 17:29:29,900 - [dealrely.py-->line:57] - INFO: 用例case_011请求值为{'messageCode': 'MSKX_DZ', 'beginsTime': '2020-07-22T06:48:00.000Z', 'engTime': '2020-07-23T06:48:00.000Z', 'areas': '573', 'content': '舒'}：
2020-11-03 17:29:29,927 - [test_centre.py-->line:110] - INFO: 实际响应为：{'msg': '操作成功', 'code': 200}
2020-11-03 17:29:29,931 - [test_centre.py-->line:100] - INFO: 执行用例case_012――
2020-11-03 17:29:29,931 - [dealrely.py-->line:57] - INFO: 用例case_012请求值为{'messageCode': 'MSKX_DZ', 'beginsTime': '2020-07-22T06:48:00.000Z', 'engTime': '2020-07-23T06:48:00.000Z', 'areas': '573', 'content': 'd'}：
2020-11-03 17:29:29,978 - [test_centre.py-->line:110] - INFO: 实际响应为：{'msg': '操作成功', 'code': 200}
2020-11-03 17:29:29,982 - [test_centre.py-->line:100] - INFO: 执行用例case_013――
2020-11-03 17:29:29,982 - [dealrely.py-->line:57] - INFO: 用例case_013请求值为{'messageCode': 'MSKX_DZ', 'beginsTime': '2020-07-22T06:48:00.000Z', 'engTime': '2020-07-23T06:48:00.000Z', 'areas': '573', 'content': '3'}：
2020-11-03 17:29:30,011 - [test_centre.py-->line:110] - INFO: 实际响应为：{'msg': '操作成功', 'code': 200}
2020-11-03 17:29:30,014 - [test_centre.py-->line:100] - INFO: 执行用例case_014――
2020-11-03 17:29:30,015 - [dealrely.py-->line:57] - INFO: 用例case_014请求值为{'messageCode': 'MSKX_DZ', 'beginsTime': '2020-07-22T06:48:00.000Z', 'engTime': '2020-07-23T06:48:00.000Z', 'areas': '574', 'content': '新昌气象台时发布：今天夜里到明天阴有时有雨，偏北风到级，温度后天阴到多云。桐庐:今天夜里到明天阴有小雨，东北风级，明天气温桐庐气象发布到明天'}：
2020-11-03 17:29:30,049 - [test_centre.py-->line:110] - INFO: 实际响应为：{'msg': '操作成功', 'code': 200}
2020-11-03 17:29:30,052 - [test_centre.py-->line:100] - INFO: 执行用例case_015――
2020-11-03 17:29:30,052 - [dealrely.py-->line:57] - INFO: 用例case_015请求值为{'messageCode': 'MSKX_DZ', 'beginsTime': '2020-07-22T06:48:00.000Z', 'engTime': '2020-07-23T06:48:00.000Z', 'areas': '575', 'content': 'JVGNVJfhbhrjehFHKVNKRFifeklofeppvNJCEJFJUHhfvnuehCJJECEJFJUHhfveklofep'}：
2020-11-03 17:29:30,085 - [test_centre.py-->line:110] - INFO: 实际响应为：{'msg': '操作成功', 'code': 200}
2020-11-03 17:29:30,088 - [test_centre.py-->line:100] - INFO: 执行用例case_016――
2020-11-03 17:29:30,089 - [dealrely.py-->line:57] - INFO: 用例case_016请求值为{'messageCode': 'MSKX_DZ', 'beginsTime': '2020-07-22T06:48:00.000Z', 'engTime': '2020-07-23T06:48:00.000Z', 'areas': '576', 'content': '5555555555555557777777777777777777777772222222222222222200000006666666'}：
2020-11-03 17:29:30,122 - [test_centre.py-->line:110] - INFO: 实际响应为：{'msg': '操作成功', 'code': 200}
2020-11-03 17:29:30,125 - [test_centre.py-->line:100] - INFO: 执行用例case_017――
2020-11-03 17:29:30,126 - [dealrely.py-->line:57] - INFO: 用例case_017请求值为{'messageCode': 'MSKX_DZ', 'beginsTime': '2020-07-22T06:48:00.000Z', 'engTime': '2020-07-23T06:48:00.000Z', 'areas': '579', 'content': '新昌气象台时发布24jj有时有雨kfkennfnfeerttccccccc温度后天阴到多云3333333333333332222222221'}：
2020-11-03 17:29:30,152 - [test_centre.py-->line:110] - INFO: 实际响应为：{'msg': '操作成功', 'code': 200}
2020-11-03 17:29:30,155 - [test_centre.py-->line:100] - INFO: 执行用例case_018――
2020-11-03 17:29:30,156 - [dealrely.py-->line:57] - INFO: 用例case_018请求值为{'messageCode': 'MSKX_DZ', 'beginsTime': '2020-07-22T06:48:00.000Z', 'engTime': '2020-07-23T06:48:00.000Z', 'areas': '573', 'content': '舒景平'}：
2020-11-03 17:29:30,166 - [test_centre.py-->line:110] - INFO: 实际响应为：{'msg': '存在敏感词:舒景平', 'code': 500}
2020-11-03 17:29:30,169 - [test_centre.py-->line:100] - INFO: 执行用例case_019――
2020-11-03 17:29:30,169 - [dealrely.py-->line:57] - INFO: 用例case_019请求值为{'messageCode': 'MSKX_DZ', 'beginsTime': '2020-07-22T06:48:00.000Z', 'engTime': '2020-07-23T06:48:00.000Z', 'areas': '573', 'content': '舒  景平'}：
2020-11-03 17:29:30,182 - [test_centre.py-->line:110] - INFO: 实际响应为：{'msg': '存在敏感词:舒景平', 'code': 500}
2020-11-03 17:29:30,184 - [test_centre.py-->line:100] - INFO: 执行用例case_020――
2020-11-03 17:29:30,185 - [dealrely.py-->line:57] - INFO: 用例case_020请求值为{'messageCode': 'MSKX_DZ', 'beginsTime': '2020-07-22T06:48:00.000Z', 'engTime': '2020-07-23T06:48:00.000Z', 'areas': '573', 'content': ''}：
2020-11-03 17:29:30,218 - [test_centre.py-->line:110] - INFO: 实际响应为：{'msg': '操作成功', 'code': 200}
2020-11-03 17:29:30,225 - [test_centre.py-->line:100] - INFO: 执行用例case_021――
2020-11-03 17:29:30,226 - [dealrely.py-->line:57] - INFO: 用例case_021请求值为{'messageCode': 'MSKX_DZ', 'beginsTime': '2020-07-22T06:48:00.000Z', 'engTime': '2020-07-23T06:48:00.000Z', 'areas': '575'}：
2020-11-03 17:29:30,238 - [test_centre.py-->line:110] - INFO: 实际响应为：{'msg': None, 'code': 500}
2020-11-03 17:29:30,248 - [test_centre.py-->line:100] - INFO: 执行用例case_022――
2020-11-03 17:29:30,249 - [dealrely.py-->line:57] - INFO: 用例case_022请求值为{'messageCode': 'MSKX_DZ', 'beginsTime': '2020-07-22T06:48:00.000Z', 'engTime': '2020-07-23T06:48:00.000Z', 'areas': '575', 'content': '2fk~/?$~!'}：
2020-11-03 17:29:30,271 - [test_centre.py-->line:110] - INFO: 实际响应为：{'msg': '操作成功', 'code': 200}
2020-11-03 17:29:30,274 - [test_centre.py-->line:100] - INFO: 执行用例case_001――
2020-11-03 17:29:30,274 - [dealrely.py-->line:57] - INFO: 用例case_001请求值为{'messageCode': 'XHKX_DZK', 'beginsTime': '2020-08-12T01:44:00.000Z', 'engTime': '2020-08-12T10:43:00.000Z', 'areas': '573', 'content': '8月22日测试下发'}：
2020-11-03 17:29:30,300 - [test_centre.py-->line:110] - INFO: 实际响应为：{'msg': '操作成功', 'code': 200}
2020-11-03 17:29:30,302 - [test_centre.py-->line:100] - INFO: 执行用例case_002――
2020-11-03 17:29:30,305 - [dealrely.py-->line:45] - INFO: 用例case_002请求值为[{'taskId': 4601, 'name': '阿路', 'phone': '17857995703', 'role': 0, 'taskContent': '8月22日测试下发'}]：
2020-11-03 17:29:30,409 - [test_centre.py-->line:110] - INFO: 实际响应为：{'msg': '操作成功', 'code': 200}
2020-11-03 17:29:30,412 - [test_centre.py-->line:100] - INFO: 执行用例case_003――
2020-11-03 17:29:30,413 - [dealrely.py-->line:45] - INFO: 用例case_003请求值为[{'taskId': 4601, 'name': '阿知', 'phone': '13000000001', 'role': 1, 'taskContent': '8月22日测试下发'}]：
2020-11-03 17:29:30,488 - [test_centre.py-->line:110] - INFO: 实际响应为：{'msg': '操作成功', 'code': 200}
2020-11-03 17:29:30,490 - [test_centre.py-->line:100] - INFO: 执行用例case_004――
2020-11-03 17:29:30,491 - [dealrely.py-->line:45] - INFO: 用例case_004请求值为{'id': 4601, 'status': 4, 'codeInfo': ['XHKX_DZK'], 'pushTasksCode': 'XHKX_DZK', 'content': '8月22日测试下发'}：
2020-11-03 17:29:30,529 - [test_centre.py-->line:110] - INFO: 实际响应为：{'msg': '操作成功', 'code': 200}
